<?xml version="1.0" encoding="UTF-8"?>
<!-- Generated by org.testng.reporters.JUnitXMLReporter -->
<testsuite ignored="1" hostname="LENOVOKIUX" failures="0" tests="1" name="Default test" time="12.121" errors="0" timestamp="2024-04-29T16:51:48 CDT">
  <testcase classname="test.TestScenarios" name="testingSauceLabs" time="6.481"/>
  <testcase classname="test.TestScenarios" name="navigateToGoogle" time="0.0">
    <ignored/>
  </testcase> <!-- navigateToGoogle -->
</testsuite> <!-- Default test -->
