<?xml version="1.0" encoding="UTF-8"?>
<testng-results skipped="0" failed="0" ignored="0" total="1" passed="1">
  <reporter-output>
  </reporter-output>
  <suite name="Default suite" duration-ms="24008" started-at="2019-07-30T20:06:29Z" finished-at="2019-07-30T20:06:53Z">
    <groups>
    </groups>
    <test name="Default test" duration-ms="24008" started-at="2019-07-30T20:06:29Z" finished-at="2019-07-30T20:06:53Z">
      <class name="test.TestPhpTravels">
        <test-method status="PASS" signature="setup()[pri:0, instance:test.TestPhpTravels@46d56d67]" name="setup" is-config="true" duration-ms="23030" started-at="2019-07-30T20:06:29Z" finished-at="2019-07-30T20:06:52Z">
          <reporter-output>
          </reporter-output>
        </test-method> <!-- setup -->
        <test-method status="PASS" signature="testMail()[pri:0, instance:test.TestPhpTravels@46d56d67]" name="testMail" duration-ms="919" started-at="2019-07-30T20:06:52Z" finished-at="2019-07-30T20:06:53Z">
          <reporter-output>
          </reporter-output>
        </test-method> <!-- testMail -->
      </class> <!-- test.TestPhpTravels -->
    </test> <!-- Default test -->
  </suite> <!-- Default suite -->
</testng-results>
