<?xml version="1.0" encoding="UTF-8"?>
<testng-results skipped="0" failed="0" ignored="0" total="1" passed="1">
  <reporter-output>
  </reporter-output>
  <suite name="Default suite" duration-ms="25243" started-at="2019-08-06T15:30:43Z" finished-at="2019-08-06T15:31:08Z">
    <groups>
    </groups>
    <test name="Default test" duration-ms="25243" started-at="2019-08-06T15:30:43Z" finished-at="2019-08-06T15:31:08Z">
      <class name="test.TestPom">
        <test-method status="PASS" signature="setup()[pri:0, instance:test.TestPom@4501b7af]" name="setup" is-config="true" duration-ms="7671" started-at="2019-08-06T15:30:43Z" finished-at="2019-08-06T15:30:51Z">
          <reporter-output>
          </reporter-output>
        </test-method> <!-- setup -->
        <test-method status="PASS" signature="testMail()[pri:0, instance:test.TestPom@4501b7af]" name="testMail" duration-ms="17524" started-at="2019-08-06T15:30:51Z" finished-at="2019-08-06T15:31:08Z">
          <reporter-output>
          </reporter-output>
        </test-method> <!-- testMail -->
      </class> <!-- test.TestPom -->
    </test> <!-- Default test -->
  </suite> <!-- Default suite -->
</testng-results>
