<?xml version="1.0" encoding="UTF-8"?>
<testng-results skipped="0" failed="0" ignored="0" total="1" passed="1">
  <reporter-output>
  </reporter-output>
  <suite name="Default suite" duration-ms="16142" started-at="2019-08-05T16:57:59Z" finished-at="2019-08-05T16:58:15Z">
    <groups>
    </groups>
    <test name="Default test" duration-ms="16142" started-at="2019-08-05T16:57:59Z" finished-at="2019-08-05T16:58:15Z">
      <class name="test.TestPom">
        <test-method status="PASS" signature="setup()[pri:0, instance:test.TestPom@59fa1d9b]" name="setup" is-config="true" duration-ms="8100" started-at="2019-08-05T16:57:59Z" finished-at="2019-08-05T16:58:07Z">
          <reporter-output>
          </reporter-output>
        </test-method> <!-- setup -->
        <test-method status="PASS" signature="testMail()[pri:0, instance:test.TestPom@59fa1d9b]" name="testMail" duration-ms="7988" started-at="2019-08-05T16:58:07Z" finished-at="2019-08-05T16:58:15Z">
          <reporter-output>
          </reporter-output>
        </test-method> <!-- testMail -->
      </class> <!-- test.TestPom -->
    </test> <!-- Default test -->
  </suite> <!-- Default suite -->
</testng-results>
