<?xml version="1.0" encoding="UTF-8"?>
<testng-results ignored="1" total="2" passed="1" failed="0" skipped="0">
  <reporter-output>
  </reporter-output>
  <suite started-at="2024-04-29T16:52:13 CDT" name="TestSuiteForMaven" finished-at="2024-04-29T16:52:25 CDT" duration-ms="11966">
    <groups>
    </groups>
    <test started-at="2024-04-29T16:52:13 CDT" name="TestNg" finished-at="2024-04-29T16:52:25 CDT" duration-ms="11966">
      <class name="test.TestScenarios">
        <test-method is-config="true" signature="beforeClass()[pri:0, instance:test.TestScenarios@4681c175]" started-at="2024-04-29T16:52:13 CDT" name="beforeClass" finished-at="2024-04-29T16:52:18 CDT" duration-ms="4656" status="PASS">
          <reporter-output>
          </reporter-output>
        </test-method> <!-- beforeClass -->
        <test-method is-config="true" signature="initPoms()[pri:0, instance:test.TestScenarios@4681c175]" started-at="2024-04-29T16:52:18 CDT" name="initPoms" finished-at="2024-04-29T16:52:18 CDT" duration-ms="47" status="PASS">
          <reporter-output>
          </reporter-output>
        </test-method> <!-- initPoms -->
        <test-method is-config="true" signature="beforeMethod()[pri:0, instance:test.TestScenarios@4681c175]" started-at="2024-04-29T16:52:18 CDT" name="beforeMethod" finished-at="2024-04-29T16:52:18 CDT" duration-ms="0" status="PASS">
          <reporter-output>
          </reporter-output>
        </test-method> <!-- beforeMethod -->
        <test-method signature="testingSauceLabs()[pri:2, instance:test.TestScenarios@4681c175]" started-at="2024-04-29T16:52:18 CDT" name="testingSauceLabs" finished-at="2024-04-29T16:52:24 CDT" duration-ms="6200" status="PASS">
          <reporter-output>
          </reporter-output>
        </test-method> <!-- testingSauceLabs -->
        <test-method is-config="true" signature="afterMethod(org.testng.ITestResult)[pri:0, instance:test.TestScenarios@4681c175]" started-at="2024-04-29T16:52:24 CDT" name="afterMethod" finished-at="2024-04-29T16:52:24 CDT" duration-ms="2" status="PASS">
          <params>
            <param index="0">
              <value>
                <![CDATA[[TestResult name=testingSauceLabs status=SUCCESS method=TestScenarios.testingSauceLabs()[pri:2, instance:test.TestScenarios@4681c175] output={null}]]]>
              </value>
            </param>
          </params>
          <reporter-output>
          </reporter-output>
        </test-method> <!-- afterMethod -->
        <test-method is-config="true" signature="afterClass()[pri:0, instance:test.TestScenarios@4681c175]" started-at="2024-04-29T16:52:24 CDT" name="afterClass" finished-at="2024-04-29T16:52:25 CDT" duration-ms="993" status="PASS">
          <reporter-output>
          </reporter-output>
        </test-method> <!-- afterClass -->
      </class> <!-- test.TestScenarios -->
    </test> <!-- TestNg -->
  </suite> <!-- TestSuiteForMaven -->
</testng-results>
